<?xml version="1.0" encoding="UTF-8"?>
<coverage generated="1777123532737" clover="3.2.0">
  <project timestamp="1777123532737" name="All files">
    <metrics statements="116" coveredstatements="101" conditionals="49" coveredconditionals="37" methods="48" coveredmethods="46" elements="213" coveredelements="184" complexity="0" loc="116" ncloc="116" packages="5" files="9" classes="9"/>
    <package name="components.ui">
      <metrics statements="20" coveredstatements="19" conditionals="3" coveredconditionals="3" methods="10" coveredmethods="9"/>
      <file name="button.tsx" path="C:\project\editohub-landing\src\components\ui\button.tsx">
        <metrics statements="6" coveredstatements="6" conditionals="3" coveredconditionals="3" methods="1" coveredmethods="1"/>
        <line num="1" count="2" type="stmt"/>
        <line num="8" count="2" type="stmt"/>
        <line num="43" count="2" type="stmt"/>
        <line num="45" count="37" type="cond" truecount="2" falsecount="0"/>
        <line num="46" count="37" type="stmt"/>
        <line num="55" count="2" type="stmt"/>
      </file>
      <file name="card.tsx" path="C:\project\editohub-landing\src\components\ui\card.tsx">
        <metrics statements="7" coveredstatements="6" conditionals="0" coveredconditionals="0" methods="7" coveredmethods="6"/>
        <line num="6" count="16" type="stmt"/>
        <line num="19" count="14" type="stmt"/>
        <line num="32" count="14" type="stmt"/>
        <line num="42" count="1" type="stmt"/>
        <line num="52" count="0" type="stmt"/>
        <line num="65" count="16" type="stmt"/>
        <line num="75" count="1" type="stmt"/>
      </file>
      <file name="toggle-group.tsx" path="C:\project\editohub-landing\src\components\ui\toggle-group.tsx">
        <metrics statements="7" coveredstatements="7" conditionals="0" coveredconditionals="0" methods="2" coveredmethods="2"/>
        <line num="5" count="1" type="stmt"/>
        <line num="13" count="1" type="stmt"/>
        <line num="20" count="2" type="stmt"/>
        <line num="26" count="1" type="stmt"/>
        <line num="28" count="1" type="stmt"/>
        <line num="32" count="8" type="stmt"/>
        <line num="45" count="1" type="stmt"/>
      </file>
    </package>
    <package name="features.simulation">
      <metrics statements="15" coveredstatements="15" conditionals="10" coveredconditionals="10" methods="10" coveredmethods="10"/>
      <file name="SimulationPanel.tsx" path="C:\project\editohub-landing\src\features\simulation\SimulationPanel.tsx">
        <metrics statements="15" coveredstatements="15" conditionals="10" coveredconditionals="10" methods="10" coveredmethods="10"/>
        <line num="9" count="1" type="stmt"/>
        <line num="10" count="15" type="stmt"/>
        <line num="11" count="15" type="stmt"/>
        <line num="12" count="15" type="stmt"/>
        <line num="14" count="15" type="stmt"/>
        <line num="15" count="1" type="stmt"/>
        <line num="16" count="1" type="stmt"/>
        <line num="25" count="15" type="stmt"/>
        <line num="49" count="1" type="stmt"/>
        <line num="62" count="1" type="stmt"/>
        <line num="93" count="1" type="stmt"/>
        <line num="105" count="1" type="stmt"/>
        <line num="117" count="1" type="stmt"/>
        <line num="147" count="8" type="stmt"/>
        <line num="150" count="1" type="stmt"/>
      </file>
    </package>
    <package name="hooks">
      <metrics statements="54" coveredstatements="40" conditionals="20" coveredconditionals="13" methods="3" coveredmethods="2"/>
      <file name="useGeminiStream.ts" path="C:\project\editohub-landing\src\hooks\useGeminiStream.ts">
        <metrics statements="54" coveredstatements="40" conditionals="20" coveredconditionals="13" methods="3" coveredmethods="2"/>
        <line num="3" count="1" type="stmt"/>
        <line num="4" count="10" type="stmt"/>
        <line num="6" count="10" type="stmt"/>
        <line num="7" count="3" type="stmt"/>
        <line num="8" count="3" type="stmt"/>
        <line num="9" count="3" type="stmt"/>
        <line num="11" count="3" type="stmt"/>
        <line num="17" count="3" type="cond" truecount="2" falsecount="0"/>
        <line num="18" count="2" type="stmt"/>
        <line num="19" count="2" type="stmt"/>
        <line num="20" count="2" type="cond" truecount="2" falsecount="0"/>
        <line num="23" count="2" type="stmt"/>
        <line num="26" count="1" type="stmt"/>
        <line num="27" count="3" type="stmt"/>
        <line num="29" count="3" type="cond" truecount="1" falsecount="1"/>
        <line num="30" count="0" type="stmt"/>
        <line num="33" count="1" type="stmt"/>
        <line num="35" count="1" type="stmt"/>
        <line num="36" count="2" type="stmt"/>
        <line num="37" count="2" type="cond" truecount="2" falsecount="0"/>
        <line num="39" count="1" type="stmt"/>
        <line num="40" count="1" type="stmt"/>
        <line num="45" count="1" type="stmt"/>
        <line num="46" count="1" type="cond" truecount="3" falsecount="1"/>
        <line num="47" count="1" type="stmt"/>
        <line num="51" count="1" type="stmt"/>
        <line num="52" count="1" type="cond" truecount="1" falsecount="1"/>
        <line num="53" count="1" type="stmt"/>
        <line num="54" count="1" type="stmt"/>
        <line num="55" count="1" type="stmt"/>
        <line num="56" count="1" type="stmt"/>
        <line num="59" count="0" type="stmt"/>
        <line num="60" count="0" type="stmt"/>
        <line num="61" count="0" type="stmt"/>
        <line num="62" count="0" type="stmt"/>
        <line num="64" count="0" type="stmt"/>
        <line num="65" count="0" type="stmt"/>
        <line num="66" count="0" type="stmt"/>
        <line num="67" count="0" type="stmt"/>
        <line num="75" count="1" type="stmt"/>
        <line num="77" count="1" type="stmt"/>
        <line num="78" count="1" type="stmt"/>
        <line num="79" count="1" type="stmt"/>
        <line num="80" count="1" type="stmt"/>
        <line num="81" count="1" type="stmt"/>
        <line num="82" count="1" type="stmt"/>
        <line num="84" count="0" type="stmt"/>
        <line num="86" count="0" type="cond" truecount="0" falsecount="2"/>
        <line num="87" count="0" type="stmt"/>
        <line num="88" count="0" type="stmt"/>
        <line num="90" count="0" type="stmt"/>
        <line num="94" count="2" type="cond" truecount="1" falsecount="1"/>
        <line num="95" count="2" type="stmt"/>
        <line num="99" count="10" type="stmt"/>
      </file>
    </package>
    <package name="lib">
      <metrics statements="7" coveredstatements="7" conditionals="6" coveredconditionals="5" methods="2" coveredmethods="2"/>
      <file name="utils.ts" path="C:\project\editohub-landing\src\lib\utils.ts">
        <metrics statements="7" coveredstatements="7" conditionals="6" coveredconditionals="5" methods="2" coveredmethods="2"/>
        <line num="5" count="111" type="stmt"/>
        <line num="9" count="3" type="stmt"/>
        <line num="10" count="3" type="cond" truecount="4" falsecount="0"/>
        <line num="11" count="1" type="stmt"/>
        <line num="13" count="2" type="stmt"/>
        <line num="14" count="2" type="stmt"/>
        <line num="15" count="2" type="cond" truecount="1" falsecount="1"/>
      </file>
    </package>
    <package name="stores">
      <metrics statements="20" coveredstatements="20" conditionals="10" coveredconditionals="6" methods="23" coveredmethods="23"/>
      <file name="useResultStore.ts" path="C:\project\editohub-landing\src\stores\useResultStore.ts">
        <metrics statements="5" coveredstatements="5" conditionals="8" coveredconditionals="4" methods="6" coveredmethods="6"/>
        <line num="22" count="1" type="stmt"/>
        <line num="26" count="6" type="stmt"/>
        <line num="36" count="6" type="stmt"/>
        <line num="37" count="2" type="stmt"/>
        <line num="38" count="3" type="stmt"/>
      </file>
      <file name="useSimulationStore.ts" path="C:\project\editohub-landing\src\stores\useSimulationStore.ts">
        <metrics statements="10" coveredstatements="10" conditionals="2" coveredconditionals="2" methods="10" coveredmethods="10"/>
        <line num="27" count="3" type="stmt"/>
        <line num="44" count="3" type="stmt"/>
        <line num="46" count="4" type="stmt"/>
        <line num="47" count="2" type="stmt"/>
        <line num="48" count="1" type="stmt"/>
        <line num="49" count="1" type="stmt"/>
        <line num="50" count="5" type="stmt"/>
        <line num="51" count="7" type="stmt"/>
        <line num="53" count="3" type="stmt"/>
        <line num="56" count="19" type="stmt"/>
      </file>
      <file name="useUIStore.ts" path="C:\project\editohub-landing\src\stores\useUIStore.ts">
        <metrics statements="5" coveredstatements="5" conditionals="0" coveredconditionals="0" methods="7" coveredmethods="7"/>
        <line num="12" count="2" type="stmt"/>
        <line num="15" count="15" type="stmt"/>
        <line num="16" count="3" type="stmt"/>
        <line num="17" count="5" type="stmt"/>
        <line num="18" count="14" type="stmt"/>
      </file>
    </package>
  </project>
</coverage>
