{"C:\\project\\editohub-landing\\src\\components\\ui\\button.tsx": {"path":"C:\\project\\editohub-landing\\src\\components\\ui\\button.tsx","statementMap":{"0":{"start":{"line":1,"column":0},"end":{"line":1,"column":null}},"1":{"start":{"line":8,"column":6},"end":{"line":34,"column":null}},"2":{"start":{"line":43,"column":15},"end":{"line":54,"column":null}},"3":{"start":{"line":45,"column":17},"end":{"line":45,"column":null}},"4":{"start":{"line":46,"column":4},"end":{"line":51,"column":null}},"5":{"start":{"line":55,"column":0},"end":{"line":55,"column":null}}},"fnMap":{"0":{"name":"(anonymous_0)","decl":{"start":{"line":43,"column":21},"end":{"line":43,"column":null}},"loc":{"start":{"line":44,"column":68},"end":{"line":54,"column":null}},"line":44}},"branchMap":{"0":{"loc":{"start":{"line":44,"column":31},"end":{"line":44,"column":48}},"type":"default-arg","locations":[{"start":{"line":44,"column":41},"end":{"line":44,"column":48}}],"line":44},"1":{"loc":{"start":{"line":45,"column":17},"end":{"line":45,"column":null}},"type":"cond-expr","locations":[{"start":{"line":45,"column":27},"end":{"line":45,"column":34}},{"start":{"line":45,"column":34},"end":{"line":45,"column":null}}],"line":45}},"s":{"0":2,"1":2,"2":2,"3":37,"4":37,"5":2},"f":{"0":37},"b":{"0":[37],"1":[1,36]},"meta":{"lastBranch":2,"lastFunction":1,"lastStatement":6,"seen":{"s:1:0:1:Infinity":0,"s:8:6:34:Infinity":1,"s:43:15:54:Infinity":2,"f:43:21:43:Infinity":0,"b:44:41:44:48":0,"s:45:17:45:Infinity":3,"b:45:27:45:34:45:34:45:Infinity":1,"s:46:4:51:Infinity":4,"s:55:0:55:Infinity":5}}}
,"C:\\project\\editohub-landing\\src\\components\\ui\\card.tsx": {"path":"C:\\project\\editohub-landing\\src\\components\\ui\\card.tsx","statementMap":{"0":{"start":{"line":6,"column":2},"end":{"line":14,"column":null}},"1":{"start":{"line":19,"column":2},"end":{"line":27,"column":null}},"2":{"start":{"line":32,"column":2},"end":{"line":37,"column":null}},"3":{"start":{"line":42,"column":2},"end":{"line":47,"column":null}},"4":{"start":{"line":52,"column":2},"end":{"line":60,"column":null}},"5":{"start":{"line":65,"column":2},"end":{"line":70,"column":null}},"6":{"start":{"line":75,"column":2},"end":{"line":80,"column":null}}},"fnMap":{"0":{"name":"Card","decl":{"start":{"line":5,"column":9},"end":{"line":5,"column":14}},"loc":{"start":{"line":5,"column":68},"end":{"line":14,"column":null}},"line":5},"1":{"name":"CardHeader","decl":{"start":{"line":18,"column":9},"end":{"line":18,"column":20}},"loc":{"start":{"line":18,"column":74},"end":{"line":27,"column":null}},"line":18},"2":{"name":"CardTitle","decl":{"start":{"line":31,"column":9},"end":{"line":31,"column":19}},"loc":{"start":{"line":31,"column":73},"end":{"line":37,"column":null}},"line":31},"3":{"name":"CardDescription","decl":{"start":{"line":41,"column":9},"end":{"line":41,"column":25}},"loc":{"start":{"line":41,"column":79},"end":{"line":47,"column":null}},"line":41},"4":{"name":"CardAction","decl":{"start":{"line":51,"column":9},"end":{"line":51,"column":20}},"loc":{"start":{"line":51,"column":74},"end":{"line":60,"column":null}},"line":51},"5":{"name":"CardContent","decl":{"start":{"line":64,"column":9},"end":{"line":64,"column":21}},"loc":{"start":{"line":64,"column":75},"end":{"line":70,"column":null}},"line":64},"6":{"name":"CardFooter","decl":{"start":{"line":74,"column":9},"end":{"line":74,"column":20}},"loc":{"start":{"line":74,"column":74},"end":{"line":80,"column":null}},"line":74}},"branchMap":{},"s":{"0":16,"1":14,"2":14,"3":1,"4":0,"5":16,"6":1},"f":{"0":16,"1":14,"2":14,"3":1,"4":0,"5":16,"6":1},"b":{},"meta":{"lastBranch":0,"lastFunction":7,"lastStatement":7,"seen":{"f:5:9:5:14":0,"s:6:2:14:Infinity":0,"f:18:9:18:20":1,"s:19:2:27:Infinity":1,"f:31:9:31:19":2,"s:32:2:37:Infinity":2,"f:41:9:41:25":3,"s:42:2:47:Infinity":3,"f:51:9:51:20":4,"s:52:2:60:Infinity":4,"f:64:9:64:21":5,"s:65:2:70:Infinity":5,"f:74:9:74:20":6,"s:75:2:80:Infinity":6}}}
,"C:\\project\\editohub-landing\\src\\components\\ui\\toggle-group.tsx": {"path":"C:\\project\\editohub-landing\\src\\components\\ui\\toggle-group.tsx","statementMap":{"0":{"start":{"line":5,"column":27},"end":{"line":11,"column":2}},"1":{"start":{"line":13,"column":20},"end":{"line":25,"column":null}},"2":{"start":{"line":20,"column":2},"end":{"line":25,"column":null}},"3":{"start":{"line":26,"column":0},"end":{"line":26,"column":null}},"4":{"start":{"line":28,"column":24},"end":{"line":44,"column":null}},"5":{"start":{"line":32,"column":2},"end":{"line":42,"column":null}},"6":{"start":{"line":45,"column":0},"end":{"line":45,"column":null}}},"fnMap":{"0":{"name":"(anonymous_0)","decl":{"start":{"line":13,"column":26},"end":{"line":13,"column":null}},"loc":{"start":{"line":20,"column":2},"end":{"line":25,"column":null}},"line":20},"1":{"name":"(anonymous_1)","decl":{"start":{"line":28,"column":30},"end":{"line":28,"column":null}},"loc":{"start":{"line":31,"column":46},"end":{"line":44,"column":null}},"line":31}},"branchMap":{},"s":{"0":1,"1":1,"2":2,"3":1,"4":1,"5":8,"6":1},"f":{"0":2,"1":8},"b":{},"meta":{"lastBranch":0,"lastFunction":2,"lastStatement":7,"seen":{"s:5:27:11:2":0,"s:13:20:25:Infinity":1,"f:13:26:13:Infinity":0,"s:20:2:25:Infinity":2,"s:26:0:26:Infinity":3,"s:28:24:44:Infinity":4,"f:28:30:28:Infinity":1,"s:32:2:42:Infinity":5,"s:45:0:45:Infinity":6}}}
,"C:\\project\\editohub-landing\\src\\features\\simulation\\SimulationPanel.tsx": {"path":"C:\\project\\editohub-landing\\src\\features\\simulation\\SimulationPanel.tsx","statementMap":{"0":{"start":{"line":9,"column":13},"end":{"line":190,"column":null}},"1":{"start":{"line":10,"column":33},"end":{"line":10,"column":58}},"2":{"start":{"line":11,"column":8},"end":{"line":11,"column":46}},"3":{"start":{"line":12,"column":10},"end":{"line":12,"column":45}},"4":{"start":{"line":14,"column":8},"end":{"line":22,"column":null}},"5":{"start":{"line":15,"column":4},"end":{"line":15,"column":null}},"6":{"start":{"line":16,"column":4},"end":{"line":22,"column":null}},"7":{"start":{"line":25,"column":2},"end":{"line":190,"column":null}},"8":{"start":{"line":49,"column":37},"end":{"line":49,"column":79}},"9":{"start":{"line":62,"column":37},"end":{"line":62,"column":84}},"10":{"start":{"line":93,"column":46},"end":{"line":93,"column":126}},"11":{"start":{"line":105,"column":46},"end":{"line":105,"column":125}},"12":{"start":{"line":117,"column":46},"end":{"line":117,"column":130}},"13":{"start":{"line":147,"column":18},"end":{"line":154,"column":null}},"14":{"start":{"line":150,"column":35},"end":{"line":150,"column":75}}},"fnMap":{"0":{"name":"(anonymous_0)","decl":{"start":{"line":9,"column":13},"end":{"line":9,"column":37}},"loc":{"start":{"line":9,"column":37},"end":{"line":190,"column":null}},"line":9},"1":{"name":"(anonymous_1)","decl":{"start":{"line":14,"column":8},"end":{"line":14,"column":26}},"loc":{"start":{"line":14,"column":26},"end":{"line":22,"column":null}},"line":14},"2":{"name":"(anonymous_2)","decl":{"start":{"line":49,"column":20},"end":{"line":49,"column":31}},"loc":{"start":{"line":49,"column":37},"end":{"line":49,"column":79}},"line":49},"3":{"name":"(anonymous_3)","decl":{"start":{"line":62,"column":20},"end":{"line":62,"column":31}},"loc":{"start":{"line":62,"column":37},"end":{"line":62,"column":84}},"line":62},"4":{"name":"(anonymous_4)","decl":{"start":{"line":93,"column":20},"end":{"line":93,"column":36}},"loc":{"start":{"line":93,"column":46},"end":{"line":93,"column":126}},"line":93},"5":{"name":"(anonymous_5)","decl":{"start":{"line":105,"column":20},"end":{"line":105,"column":36}},"loc":{"start":{"line":105,"column":46},"end":{"line":105,"column":125}},"line":105},"6":{"name":"(anonymous_6)","decl":{"start":{"line":117,"column":20},"end":{"line":117,"column":36}},"loc":{"start":{"line":117,"column":46},"end":{"line":117,"column":130}},"line":117},"7":{"name":"(anonymous_7)","decl":{"start":{"line":142,"column":16},"end":{"line":142,"column":32}},"loc":{"start":{"line":142,"column":40},"end":{"line":142,"column":null}},"line":142},"8":{"name":"(anonymous_8)","decl":{"start":{"line":146,"column":116},"end":{"line":146,"column":121}},"loc":{"start":{"line":147,"column":18},"end":{"line":154,"column":null}},"line":147},"9":{"name":"(anonymous_9)","decl":{"start":{"line":150,"column":20},"end":{"line":150,"column":35}},"loc":{"start":{"line":150,"column":35},"end":{"line":150,"column":75}},"line":150}},"branchMap":{"0":{"loc":{"start":{"line":29,"column":11},"end":{"line":70,"column":null}},"type":"binary-expr","locations":[{"start":{"line":29,"column":11},"end":{"line":29,"column":null}},{"start":{"line":30,"column":12},"end":{"line":70,"column":null}}],"line":29},"1":{"loc":{"start":{"line":73,"column":11},"end":{"line":123,"column":null}},"type":"binary-expr","locations":[{"start":{"line":73,"column":11},"end":{"line":73,"column":null}},{"start":{"line":74,"column":12},"end":{"line":123,"column":null}}],"line":73},"2":{"loc":{"start":{"line":126,"column":11},"end":{"line":157,"column":null}},"type":"binary-expr","locations":[{"start":{"line":126,"column":11},"end":{"line":126,"column":null}},{"start":{"line":127,"column":12},"end":{"line":157,"column":null}}],"line":126},"3":{"loc":{"start":{"line":160,"column":11},"end":{"line":162,"column":null}},"type":"binary-expr","locations":[{"start":{"line":160,"column":11},"end":{"line":160,"column":null}},{"start":{"line":161,"column":12},"end":{"line":162,"column":null}}],"line":160},"4":{"loc":{"start":{"line":179,"column":9},"end":{"line":186,"column":null}},"type":"binary-expr","locations":[{"start":{"line":179,"column":9},"end":{"line":179,"column":null}},{"start":{"line":180,"column":10},"end":{"line":186,"column":null}}],"line":179}},"s":{"0":1,"1":15,"2":15,"3":15,"4":15,"5":1,"6":1,"7":15,"8":1,"9":1,"10":1,"11":1,"12":1,"13":8,"14":1},"f":{"0":15,"1":1,"2":1,"3":1,"4":1,"5":1,"6":1,"7":1,"8":8,"9":1},"b":{"0":[15,6],"1":[15,5],"2":[15,2],"3":[15,1],"4":[15,13]},"meta":{"lastBranch":5,"lastFunction":10,"lastStatement":15,"seen":{"s:9:13:190:Infinity":0,"f:9:13:9:37":0,"s:10:33:10:58":1,"s:11:8:11:46":2,"s:12:10:12:45":3,"s:14:8:22:Infinity":4,"f:14:8:14:26":1,"s:15:4:15:Infinity":5,"s:16:4:22:Infinity":6,"s:25:2:190:Infinity":7,"b:29:11:29:Infinity:30:12:70:Infinity":0,"f:49:20:49:31":2,"s:49:37:49:79":8,"f:62:20:62:31":3,"s:62:37:62:84":9,"b:73:11:73:Infinity:74:12:123:Infinity":1,"f:93:20:93:36":4,"s:93:46:93:126":10,"f:105:20:105:36":5,"s:105:46:105:125":11,"f:117:20:117:36":6,"s:117:46:117:130":12,"b:126:11:126:Infinity:127:12:157:Infinity":2,"f:142:16:142:32":7,"f:146:116:146:121":8,"s:147:18:154:Infinity":13,"f:150:20:150:35":9,"s:150:35:150:75":14,"b:160:11:160:Infinity:161:12:162:Infinity":3,"b:179:9:179:Infinity:180:10:186:Infinity":4}}}
,"C:\\project\\editohub-landing\\src\\hooks\\useGeminiStream.ts": {"path":"C:\\project\\editohub-landing\\src\\hooks\\useGeminiStream.ts","statementMap":{"0":{"start":{"line":3,"column":13},"end":{"line":99,"column":null}},"1":{"start":{"line":4,"column":37},"end":{"line":4,"column":66}},"2":{"start":{"line":6,"column":24},"end":{"line":95,"column":null}},"3":{"start":{"line":7,"column":4},"end":{"line":7,"column":null}},"4":{"start":{"line":8,"column":4},"end":{"line":8,"column":null}},"5":{"start":{"line":9,"column":4},"end":{"line":95,"column":null}},"6":{"start":{"line":11,"column":23},"end":{"line":15,"column":8}},"7":{"start":{"line":17,"column":6},"end":{"line":23,"column":null}},"8":{"start":{"line":18,"column":26},"end":{"line":18,"column":94}},"9":{"start":{"line":18,"column":61},"end":{"line":18,"column":92}},"10":{"start":{"line":19,"column":22},"end":{"line":19,"column":null}},"11":{"start":{"line":20,"column":20},"end":{"line":22,"column":null}},"12":{"start":{"line":23,"column":8},"end":{"line":23,"column":null}},"13":{"start":{"line":26,"column":21},"end":{"line":26,"column":47}},"14":{"start":{"line":27,"column":22},"end":{"line":27,"column":46}},"15":{"start":{"line":29,"column":6},"end":{"line":30,"column":null}},"16":{"start":{"line":30,"column":8},"end":{"line":30,"column":null}},"17":{"start":{"line":33,"column":28},"end":{"line":33,"column":null}},"18":{"start":{"line":35,"column":6},"end":{"line":68,"column":null}},"19":{"start":{"line":36,"column":32},"end":{"line":36,"column":51}},"20":{"start":{"line":37,"column":8},"end":{"line":37,"column":null}},"21":{"start":{"line":37,"column":18},"end":{"line":37,"column":null}},"22":{"start":{"line":39,"column":22},"end":{"line":39,"column":61}},"23":{"start":{"line":40,"column":8},"end":{"line":40,"column":null}},"24":{"start":{"line":45,"column":29},"end":{"line":45,"column":79}},"25":{"start":{"line":46,"column":8},"end":{"line":47,"column":null}},"26":{"start":{"line":47,"column":10},"end":{"line":47,"column":null}},"27":{"start":{"line":51,"column":27},"end":{"line":51,"column":62}},"28":{"start":{"line":52,"column":8},"end":{"line":68,"column":null}},"29":{"start":{"line":53,"column":30},"end":{"line":53,"column":null}},"30":{"start":{"line":54,"column":10},"end":{"line":68,"column":null}},"31":{"start":{"line":55,"column":27},"end":{"line":55,"column":50}},"32":{"start":{"line":56,"column":12},"end":{"line":56,"column":null}},"33":{"start":{"line":59,"column":12},"end":{"line":68,"column":null}},"34":{"start":{"line":60,"column":28},"end":{"line":60,"column":null}},"35":{"start":{"line":61,"column":34},"end":{"line":61,"column":51}},"36":{"start":{"line":62,"column":14},"end":{"line":62,"column":null}},"37":{"start":{"line":64,"column":14},"end":{"line":68,"column":null}},"38":{"start":{"line":65,"column":31},"end":{"line":65,"column":null}},"39":{"start":{"line":66,"column":37},"end":{"line":66,"column":55}},"40":{"start":{"line":67,"column":16},"end":{"line":67,"column":null}},"41":{"start":{"line":75,"column":6},"end":{"line":90,"column":null}},"42":{"start":{"line":77,"column":26},"end":{"line":77,"column":54}},"43":{"start":{"line":78,"column":24},"end":{"line":78,"column":null}},"44":{"start":{"line":79,"column":26},"end":{"line":79,"column":67}},"45":{"start":{"line":80,"column":26},"end":{"line":80,"column":47}},"46":{"start":{"line":81,"column":8},"end":{"line":81,"column":null}},"47":{"start":{"line":82,"column":8},"end":{"line":82,"column":null}},"48":{"start":{"line":84,"column":8},"end":{"line":84,"column":null}},"49":{"start":{"line":86,"column":8},"end":{"line":90,"column":null}},"50":{"start":{"line":87,"column":10},"end":{"line":87,"column":null}},"51":{"start":{"line":88,"column":10},"end":{"line":88,"column":null}},"52":{"start":{"line":90,"column":10},"end":{"line":90,"column":null}},"53":{"start":{"line":94,"column":6},"end":{"line":94,"column":null}},"54":{"start":{"line":95,"column":6},"end":{"line":95,"column":null}},"55":{"start":{"line":99,"column":2},"end":{"line":99,"column":null}}},"fnMap":{"0":{"name":"(anonymous_0)","decl":{"start":{"line":3,"column":13},"end":{"line":3,"column":37}},"loc":{"start":{"line":3,"column":37},"end":{"line":99,"column":null}},"line":3},"1":{"name":"(anonymous_1)","decl":{"start":{"line":6,"column":24},"end":{"line":6,"column":31}},"loc":{"start":{"line":6,"column":195},"end":{"line":95,"column":null}},"line":6},"2":{"name":"(anonymous_2)","decl":{"start":{"line":18,"column":48},"end":{"line":18,"column":61}},"loc":{"start":{"line":18,"column":61},"end":{"line":18,"column":92}},"line":18}},"branchMap":{"0":{"loc":{"start":{"line":17,"column":6},"end":{"line":23,"column":null}},"type":"if","locations":[{"start":{"line":17,"column":6},"end":{"line":23,"column":null}},{"start":{},"end":{}}],"line":17},"1":{"loc":{"start":{"line":20,"column":20},"end":{"line":22,"column":null}},"type":"cond-expr","locations":[{"start":{"line":21,"column":12},"end":{"line":21,"column":null}},{"start":{"line":22,"column":12},"end":{"line":22,"column":null}}],"line":20},"2":{"loc":{"start":{"line":22,"column":12},"end":{"line":22,"column":null}},"type":"binary-expr","locations":[{"start":{"line":22,"column":12},"end":{"line":22,"column":31}},{"start":{"line":22,"column":31},"end":{"line":22,"column":null}}],"line":22},"3":{"loc":{"start":{"line":29,"column":6},"end":{"line":30,"column":null}},"type":"if","locations":[{"start":{"line":29,"column":6},"end":{"line":30,"column":null}},{"start":{},"end":{}}],"line":29},"4":{"loc":{"start":{"line":37,"column":8},"end":{"line":37,"column":null}},"type":"if","locations":[{"start":{"line":37,"column":8},"end":{"line":37,"column":null}},{"start":{},"end":{}}],"line":37},"5":{"loc":{"start":{"line":46,"column":8},"end":{"line":47,"column":null}},"type":"if","locations":[{"start":{"line":46,"column":8},"end":{"line":47,"column":null}},{"start":{},"end":{}}],"line":46},"6":{"loc":{"start":{"line":46,"column":12},"end":{"line":46,"column":45}},"type":"binary-expr","locations":[{"start":{"line":46,"column":12},"end":{"line":46,"column":28}},{"start":{"line":46,"column":28},"end":{"line":46,"column":45}}],"line":46},"7":{"loc":{"start":{"line":52,"column":8},"end":{"line":68,"column":null}},"type":"if","locations":[{"start":{"line":52,"column":8},"end":{"line":68,"column":null}},{"start":{},"end":{}}],"line":52},"8":{"loc":{"start":{"line":86,"column":8},"end":{"line":90,"column":null}},"type":"if","locations":[{"start":{"line":86,"column":8},"end":{"line":90,"column":null}},{"start":{"line":89,"column":15},"end":{"line":90,"column":null}}],"line":86},"9":{"loc":{"start":{"line":94,"column":15},"end":{"line":94,"column":68}},"type":"cond-expr","locations":[{"start":{"line":94,"column":38},"end":{"line":94,"column":52}},{"start":{"line":94,"column":52},"end":{"line":94,"column":68}}],"line":94}},"s":{"0":1,"1":10,"2":10,"3":3,"4":3,"5":3,"6":3,"7":3,"8":2,"9":0,"10":2,"11":2,"12":2,"13":1,"14":3,"15":3,"16":0,"17":1,"18":1,"19":2,"20":2,"21":1,"22":1,"23":1,"24":1,"25":1,"26":1,"27":1,"28":1,"29":1,"30":1,"31":1,"32":1,"33":0,"34":0,"35":0,"36":0,"37":0,"38":0,"39":0,"40":0,"41":1,"42":1,"43":1,"44":1,"45":1,"46":1,"47":1,"48":0,"49":0,"50":0,"51":0,"52":0,"53":2,"54":2,"55":10},"f":{"0":10,"1":3,"2":0},"b":{"0":[2,1],"1":[1,1],"2":[1,0],"3":[0,3],"4":[1,1],"5":[1,0],"6":[1,1],"7":[1,0],"8":[0,0],"9":[2,0]},"meta":{"lastBranch":10,"lastFunction":3,"lastStatement":56,"seen":{"s:3:13:99:Infinity":0,"f:3:13:3:37":0,"s:4:37:4:66":1,"s:6:24:95:Infinity":2,"f:6:24:6:31":1,"s:7:4:7:Infinity":3,"s:8:4:8:Infinity":4,"s:9:4:95:Infinity":5,"s:11:23:15:8":6,"b:17:6:23:Infinity:undefined:undefined:undefined:undefined":0,"s:17:6:23:Infinity":7,"s:18:26:18:94":8,"f:18:48:18:61":2,"s:18:61:18:92":9,"s:19:22:19:Infinity":10,"s:20:20:22:Infinity":11,"b:21:12:21:Infinity:22:12:22:Infinity":1,"b:22:12:22:31:22:31:22:Infinity":2,"s:23:8:23:Infinity":12,"s:26:21:26:47":13,"s:27:22:27:46":14,"b:29:6:30:Infinity:undefined:undefined:undefined:undefined":3,"s:29:6:30:Infinity":15,"s:30:8:30:Infinity":16,"s:33:28:33:Infinity":17,"s:35:6:68:Infinity":18,"s:36:32:36:51":19,"b:37:8:37:Infinity:undefined:undefined:undefined:undefined":4,"s:37:8:37:Infinity":20,"s:37:18:37:Infinity":21,"s:39:22:39:61":22,"s:40:8:40:Infinity":23,"s:45:29:45:79":24,"b:46:8:47:Infinity:undefined:undefined:undefined:undefined":5,"s:46:8:47:Infinity":25,"b:46:12:46:28:46:28:46:45":6,"s:47:10:47:Infinity":26,"s:51:27:51:62":27,"b:52:8:68:Infinity:undefined:undefined:undefined:undefined":7,"s:52:8:68:Infinity":28,"s:53:30:53:Infinity":29,"s:54:10:68:Infinity":30,"s:55:27:55:50":31,"s:56:12:56:Infinity":32,"s:59:12:68:Infinity":33,"s:60:28:60:Infinity":34,"s:61:34:61:51":35,"s:62:14:62:Infinity":36,"s:64:14:68:Infinity":37,"s:65:31:65:Infinity":38,"s:66:37:66:55":39,"s:67:16:67:Infinity":40,"s:75:6:90:Infinity":41,"s:77:26:77:54":42,"s:78:24:78:Infinity":43,"s:79:26:79:67":44,"s:80:26:80:47":45,"s:81:8:81:Infinity":46,"s:82:8:82:Infinity":47,"s:84:8:84:Infinity":48,"b:86:8:90:Infinity:89:15:90:Infinity":8,"s:86:8:90:Infinity":49,"s:87:10:87:Infinity":50,"s:88:10:88:Infinity":51,"s:90:10:90:Infinity":52,"s:94:6:94:Infinity":53,"b:94:38:94:52:94:52:94:68":9,"s:95:6:95:Infinity":54,"s:99:2:99:Infinity":55}}}
,"C:\\project\\editohub-landing\\src\\lib\\utils.ts": {"path":"C:\\project\\editohub-landing\\src\\lib\\utils.ts","statementMap":{"0":{"start":{"line":5,"column":2},"end":{"line":5,"column":null}},"1":{"start":{"line":9,"column":22},"end":{"line":9,"column":58}},"2":{"start":{"line":10,"column":2},"end":{"line":11,"column":null}},"3":{"start":{"line":11,"column":4},"end":{"line":11,"column":null}},"4":{"start":{"line":13,"column":15},"end":{"line":13,"column":36}},"5":{"start":{"line":14,"column":2},"end":{"line":14,"column":null}},"6":{"start":{"line":15,"column":2},"end":{"line":15,"column":null}}},"fnMap":{"0":{"name":"cn","decl":{"start":{"line":4,"column":16},"end":{"line":4,"column":19}},"loc":{"start":{"line":4,"column":44},"end":{"line":5,"column":null}},"line":4},"1":{"name":"safeJsonParse","decl":{"start":{"line":8,"column":22},"end":{"line":8,"column":36}},"loc":{"start":{"line":8,"column":56},"end":{"line":15,"column":null}},"line":8}},"branchMap":{"0":{"loc":{"start":{"line":10,"column":2},"end":{"line":11,"column":null}},"type":"if","locations":[{"start":{"line":10,"column":2},"end":{"line":11,"column":null}},{"start":{},"end":{}}],"line":10},"1":{"loc":{"start":{"line":10,"column":6},"end":{"line":10,"column":61}},"type":"binary-expr","locations":[{"start":{"line":10,"column":6},"end":{"line":10,"column":21}},{"start":{"line":10,"column":21},"end":{"line":10,"column":61}}],"line":10},"2":{"loc":{"start":{"line":15,"column":48},"end":{"line":15,"column":86}},"type":"binary-expr","locations":[{"start":{"line":15,"column":48},"end":{"line":15,"column":63}},{"start":{"line":15,"column":63},"end":{"line":15,"column":86}}],"line":15}},"s":{"0":111,"1":3,"2":3,"3":1,"4":2,"5":2,"6":2},"f":{"0":111,"1":3},"b":{"0":[1,2],"1":[3,3],"2":[2,0]},"meta":{"lastBranch":3,"lastFunction":2,"lastStatement":7,"seen":{"f:4:16:4:19":0,"s:5:2:5:Infinity":0,"f:8:22:8:36":1,"s:9:22:9:58":1,"b:10:2:11:Infinity:undefined:undefined:undefined:undefined":0,"s:10:2:11:Infinity":2,"b:10:6:10:21:10:21:10:61":1,"s:11:4:11:Infinity":3,"s:13:15:13:36":4,"s:14:2:14:Infinity":5,"s:15:2:15:Infinity":6,"b:15:48:15:63:15:63:15:86":2}}}
,"C:\\project\\editohub-landing\\src\\stores\\useResultStore.ts": {"path":"C:\\project\\editohub-landing\\src\\stores\\useResultStore.ts","statementMap":{"0":{"start":{"line":22,"column":13},"end":{"line":39,"column":3}},"1":{"start":{"line":22,"column":60},"end":{"line":39,"column":3}},"2":{"start":{"line":26,"column":28},"end":{"line":35,"column":5}},"3":{"start":{"line":26,"column":44},"end":{"line":34,"column":null}},"4":{"start":{"line":36,"column":25},"end":{"line":36,"column":40}},"5":{"start":{"line":37,"column":23},"end":{"line":37,"column":37}},"6":{"start":{"line":38,"column":15},"end":{"line":38,"column":null}}},"fnMap":{"0":{"name":"(anonymous_0)","decl":{"start":{"line":22,"column":30},"end":{"line":22,"column":51}},"loc":{"start":{"line":22,"column":60},"end":{"line":39,"column":3}},"line":22},"1":{"name":"(anonymous_1)","decl":{"start":{"line":26,"column":2},"end":{"line":26,"column":19}},"loc":{"start":{"line":26,"column":28},"end":{"line":35,"column":5}},"line":26},"2":{"name":"(anonymous_2)","decl":{"start":{"line":26,"column":28},"end":{"line":26,"column":33}},"loc":{"start":{"line":26,"column":44},"end":{"line":34,"column":null}},"line":26},"3":{"name":"(anonymous_3)","decl":{"start":{"line":36,"column":2},"end":{"line":36,"column":14}},"loc":{"start":{"line":36,"column":25},"end":{"line":36,"column":40}},"line":36},"4":{"name":"(anonymous_4)","decl":{"start":{"line":37,"column":2},"end":{"line":37,"column":13}},"loc":{"start":{"line":37,"column":23},"end":{"line":37,"column":37}},"line":37},"5":{"name":"(anonymous_5)","decl":{"start":{"line":38,"column":2},"end":{"line":38,"column":15}},"loc":{"start":{"line":38,"column":15},"end":{"line":38,"column":null}},"line":38}},"branchMap":{"0":{"loc":{"start":{"line":30,"column":14},"end":{"line":30,"column":null}},"type":"cond-expr","locations":[{"start":{"line":30,"column":28},"end":{"line":30,"column":72}},{"start":{"line":30,"column":72},"end":{"line":30,"column":null}}],"line":30},"1":{"loc":{"start":{"line":31,"column":14},"end":{"line":31,"column":null}},"type":"cond-expr","locations":[{"start":{"line":31,"column":28},"end":{"line":31,"column":72}},{"start":{"line":31,"column":72},"end":{"line":31,"column":null}}],"line":31},"2":{"loc":{"start":{"line":32,"column":16},"end":{"line":32,"column":null}},"type":"cond-expr","locations":[{"start":{"line":32,"column":32},"end":{"line":32,"column":80}},{"start":{"line":32,"column":80},"end":{"line":32,"column":null}}],"line":32},"3":{"loc":{"start":{"line":33,"column":22},"end":{"line":33,"column":null}},"type":"cond-expr","locations":[{"start":{"line":33,"column":44},"end":{"line":33,"column":104}},{"start":{"line":33,"column":104},"end":{"line":33,"column":null}}],"line":33}},"s":{"0":1,"1":1,"2":6,"3":6,"4":6,"5":2,"6":3},"f":{"0":1,"1":6,"2":6,"3":6,"4":2,"5":3},"b":{"0":[0,6],"1":[0,6],"2":[0,6],"3":[0,6]},"meta":{"lastBranch":4,"lastFunction":6,"lastStatement":7,"seen":{"s:22:13:39:3":0,"f:22:30:22:51":0,"s:22:60:39:3":1,"f:26:2:26:19":1,"s:26:28:35:5":2,"f:26:28:26:33":2,"s:26:44:34:Infinity":3,"b:30:28:30:72:30:72:30:Infinity":0,"b:31:28:31:72:31:72:31:Infinity":1,"b:32:32:32:80:32:80:32:Infinity":2,"b:33:44:33:104:33:104:33:Infinity":3,"f:36:2:36:14":3,"s:36:25:36:40":4,"f:37:2:37:13":4,"s:37:23:37:37":5,"f:38:2:38:15":5,"s:38:15:38:Infinity":6}}}
,"C:\\project\\editohub-landing\\src\\stores\\useSimulationStore.ts": {"path":"C:\\project\\editohub-landing\\src\\stores\\useSimulationStore.ts","statementMap":{"0":{"start":{"line":27,"column":21},"end":{"line":42,"column":null}},"1":{"start":{"line":44,"column":13},"end":{"line":57,"column":3}},"2":{"start":{"line":44,"column":68},"end":{"line":57,"column":3}},"3":{"start":{"line":46,"column":27},"end":{"line":46,"column":43}},"4":{"start":{"line":47,"column":37},"end":{"line":47,"column":58}},"5":{"start":{"line":48,"column":21},"end":{"line":48,"column":34}},"6":{"start":{"line":49,"column":35},"end":{"line":49,"column":55}},"7":{"start":{"line":50,"column":35},"end":{"line":50,"column":55}},"8":{"start":{"line":51,"column":32},"end":{"line":55,"column":5}},"9":{"start":{"line":51,"column":48},"end":{"line":54,"column":null}},"10":{"start":{"line":53,"column":41},"end":{"line":53,"column":56}},"11":{"start":{"line":56,"column":15},"end":{"line":56,"column":null}}},"fnMap":{"0":{"name":"(anonymous_0)","decl":{"start":{"line":44,"column":34},"end":{"line":44,"column":59}},"loc":{"start":{"line":44,"column":68},"end":{"line":57,"column":3}},"line":44},"1":{"name":"(anonymous_1)","decl":{"start":{"line":46,"column":2},"end":{"line":46,"column":15}},"loc":{"start":{"line":46,"column":27},"end":{"line":46,"column":43}},"line":46},"2":{"name":"(anonymous_2)","decl":{"start":{"line":47,"column":2},"end":{"line":47,"column":20}},"loc":{"start":{"line":47,"column":37},"end":{"line":47,"column":58}},"line":47},"3":{"name":"(anonymous_3)","decl":{"start":{"line":48,"column":2},"end":{"line":48,"column":12}},"loc":{"start":{"line":48,"column":21},"end":{"line":48,"column":34}},"line":48},"4":{"name":"(anonymous_4)","decl":{"start":{"line":49,"column":2},"end":{"line":49,"column":19}},"loc":{"start":{"line":49,"column":35},"end":{"line":49,"column":55}},"line":49},"5":{"name":"(anonymous_5)","decl":{"start":{"line":50,"column":2},"end":{"line":50,"column":19}},"loc":{"start":{"line":50,"column":35},"end":{"line":50,"column":55}},"line":50},"6":{"name":"(anonymous_6)","decl":{"start":{"line":51,"column":2},"end":{"line":51,"column":19}},"loc":{"start":{"line":51,"column":32},"end":{"line":55,"column":5}},"line":51},"7":{"name":"(anonymous_7)","decl":{"start":{"line":51,"column":32},"end":{"line":51,"column":37}},"loc":{"start":{"line":51,"column":48},"end":{"line":54,"column":null}},"line":51},"8":{"name":"(anonymous_8)","decl":{"start":{"line":53,"column":27},"end":{"line":53,"column":35}},"loc":{"start":{"line":53,"column":41},"end":{"line":53,"column":56}},"line":53},"9":{"name":"(anonymous_9)","decl":{"start":{"line":56,"column":2},"end":{"line":56,"column":15}},"loc":{"start":{"line":56,"column":15},"end":{"line":56,"column":null}},"line":56}},"branchMap":{"0":{"loc":{"start":{"line":52,"column":18},"end":{"line":54,"column":41}},"type":"cond-expr","locations":[{"start":{"line":53,"column":8},"end":{"line":53,"column":56}},{"start":{"line":54,"column":8},"end":{"line":54,"column":41}}],"line":52}},"s":{"0":3,"1":3,"2":3,"3":4,"4":2,"5":1,"6":1,"7":5,"8":7,"9":7,"10":3,"11":19},"f":{"0":3,"1":4,"2":2,"3":1,"4":1,"5":5,"6":7,"7":7,"8":3,"9":19},"b":{"0":[2,5]},"meta":{"lastBranch":1,"lastFunction":10,"lastStatement":12,"seen":{"s:27:21:42:Infinity":0,"s:44:13:57:3":1,"f:44:34:44:59":0,"s:44:68:57:3":2,"f:46:2:46:15":1,"s:46:27:46:43":3,"f:47:2:47:20":2,"s:47:37:47:58":4,"f:48:2:48:12":3,"s:48:21:48:34":5,"f:49:2:49:19":4,"s:49:35:49:55":6,"f:50:2:50:19":5,"s:50:35:50:55":7,"f:51:2:51:19":6,"s:51:32:55:5":8,"f:51:32:51:37":7,"s:51:48:54:Infinity":9,"b:53:8:53:56:54:8:54:41":0,"f:53:27:53:35":8,"s:53:41:53:56":10,"f:56:2:56:15":9,"s:56:15:56:Infinity":11}}}
,"C:\\project\\editohub-landing\\src\\stores\\useUIStore.ts": {"path":"C:\\project\\editohub-landing\\src\\stores\\useUIStore.ts","statementMap":{"0":{"start":{"line":12,"column":13},"end":{"line":19,"column":3}},"1":{"start":{"line":12,"column":52},"end":{"line":19,"column":3}},"2":{"start":{"line":15,"column":18},"end":{"line":15,"column":102}},"3":{"start":{"line":15,"column":34},"end":{"line":15,"column":100}},"4":{"start":{"line":16,"column":18},"end":{"line":16,"column":87}},"5":{"start":{"line":16,"column":34},"end":{"line":16,"column":85}},"6":{"start":{"line":17,"column":21},"end":{"line":17,"column":47}},"7":{"start":{"line":18,"column":19},"end":{"line":18,"column":null}}},"fnMap":{"0":{"name":"(anonymous_0)","decl":{"start":{"line":12,"column":26},"end":{"line":12,"column":43}},"loc":{"start":{"line":12,"column":52},"end":{"line":19,"column":3}},"line":12},"1":{"name":"(anonymous_1)","decl":{"start":{"line":15,"column":2},"end":{"line":15,"column":18}},"loc":{"start":{"line":15,"column":18},"end":{"line":15,"column":102}},"line":15},"2":{"name":"(anonymous_2)","decl":{"start":{"line":15,"column":18},"end":{"line":15,"column":23}},"loc":{"start":{"line":15,"column":34},"end":{"line":15,"column":100}},"line":15},"3":{"name":"(anonymous_3)","decl":{"start":{"line":16,"column":2},"end":{"line":16,"column":18}},"loc":{"start":{"line":16,"column":18},"end":{"line":16,"column":87}},"line":16},"4":{"name":"(anonymous_4)","decl":{"start":{"line":16,"column":18},"end":{"line":16,"column":23}},"loc":{"start":{"line":16,"column":34},"end":{"line":16,"column":85}},"line":16},"5":{"name":"(anonymous_5)","decl":{"start":{"line":17,"column":2},"end":{"line":17,"column":12}},"loc":{"start":{"line":17,"column":21},"end":{"line":17,"column":47}},"line":17},"6":{"name":"(anonymous_6)","decl":{"start":{"line":18,"column":2},"end":{"line":18,"column":19}},"loc":{"start":{"line":18,"column":19},"end":{"line":18,"column":null}},"line":18}},"branchMap":{},"s":{"0":2,"1":2,"2":15,"3":15,"4":3,"5":3,"6":5,"7":14},"f":{"0":2,"1":15,"2":15,"3":3,"4":3,"5":5,"6":14},"b":{},"meta":{"lastBranch":0,"lastFunction":7,"lastStatement":8,"seen":{"s:12:13:19:3":0,"f:12:26:12:43":0,"s:12:52:19:3":1,"f:15:2:15:18":1,"s:15:18:15:102":2,"f:15:18:15:23":2,"s:15:34:15:100":3,"f:16:2:16:18":3,"s:16:18:16:87":4,"f:16:18:16:23":4,"s:16:34:16:85":5,"f:17:2:17:12":5,"s:17:21:17:47":6,"f:18:2:18:19":6,"s:18:19:18:Infinity":7}}}
}
